# JRE version: Java(TM) SE Runtime Environment (21.0.1+12) (build 21.0.1+12-LTS-29)
# Java VM: Java HotSpot(TM) 64-Bit Server VM (21.0.1+12-LTS-29, mixed mode, emulated-client, sharing, tiered, compressed oops, compressed class ptrs, g1 gc, windows-amd64)
GC Precious Log:
 CardTable entry size: 512
 Card Set container configuration: InlinePtr #cards 4 size 8 Array Of Cards #cards 16 size 48 Howl #buckets 8 coarsen threshold 3686 Howl Bitmap #cards 512 size 80 coarsen threshold 460 Card regions per heap region 1 cards per card region 4096
 CPUs: 16 total, 16 available
 Memory: 16303M
 Large Page Support: Disabled
 NUMA Support: Disabled
 Compressed Oops: Enabled (Zero based)
 Heap Region Size: 2M
 Heap Min Capacity: 8M
 Heap Initial Capacity: 256M
 Heap Max Capacity: 4076M
 Pre-touch: Disabled
 Parallel Workers: 13
 Concurrent Workers: 3
 Concurrent Refinement Workers: 13
 Periodic GC: Disabled
Heap:
 garbage-first heap   total 61440K, used 28356K [0x0000000701400000, 0x0000000800000000)
  region size 2048K, 2 young (4096K), 2 survivors (4096K)
 Metaspace       used 61539K, committed 62272K, reserved 1114112K
  class space    used 8692K, committed 9024K, reserved 1048576K
GC Heap History (20 events):
Event: 0.649 GC heap after
{Heap after GC invocations=3 (full 0):
 garbage-first heap   total 262144K, used 8981K [0x0000000701400000, 0x0000000800000000)
  region size 2048K, 2 young (4096K), 2 survivors (4096K)
 Metaspace       used 13652K, committed 14016K, reserved 1114112K
  class space    used 1763K, committed 1920K, reserved 1048576K
}
Event: 0.788 GC heap before
{Heap before GC invocations=4 (full 0):
 garbage-first heap   total 55296K, used 37653K [0x0000000701400000, 0x0000000800000000)
  region size 2048K, 16 young (32768K), 2 survivors (4096K)
 Metaspace       used 19037K, committed 19392K, reserved 1114112K
  class space    used 2474K, committed 2624K, reserved 1048576K
}
Event: 0.791 GC heap after
{Heap after GC invocations=5 (full 0):
 garbage-first heap   total 55296K, used 12043K [0x0000000701400000, 0x0000000800000000)
  region size 2048K, 2 young (4096K), 2 survivors (4096K)
 Metaspace       used 19037K, committed 19392K, reserved 1114112K
  class space    used 2474K, committed 2624K, reserved 1048576K
}
Event: 1.053 GC heap before
{Heap before GC invocations=5 (full 0):
 garbage-first heap   total 55296K, used 38667K [0x0000000701400000, 0x0000000800000000)
  region size 2048K, 15 young (30720K), 2 survivors (4096K)
 Metaspace       used 21893K, committed 22208K, reserved 1114112K
  class space    used 2897K, committed 3072K, reserved 1048576K
}
Event: 1.057 GC heap after
{Heap after GC invocations=6 (full 0):
 garbage-first heap   total 55296K, used 13343K [0x0000000701400000, 0x0000000800000000)
  region size 2048K, 1 young (2048K), 1 survivors (2048K)
 Metaspace       used 21893K, committed 22208K, reserved 1114112K
  class space    used 2897K, committed 3072K, reserved 1048576K
}
Event: 1.112 GC heap before
{Heap before GC invocations=6 (full 0):
 garbage-first heap   total 55296K, used 17439K [0x0000000701400000, 0x0000000800000000)
  region size 2048K, 4 young (8192K), 1 survivors (2048K)
 Metaspace       used 22988K, committed 23360K, reserved 1114112K
  class space    used 3087K, committed 3264K, reserved 1048576K
}
Event: 1.115 GC heap after
{Heap after GC invocations=7 (full 0):
 garbage-first heap   total 159744K, used 14229K [0x0000000701400000, 0x0000000800000000)
  region size 2048K, 2 young (4096K), 2 survivors (4096K)
 Metaspace       used 22988K, committed 23360K, reserved 1114112K
  class space    used 3087K, committed 3264K, reserved 1048576K
}
Event: 1.457 GC heap before
{Heap before GC invocations=8 (full 0):
 garbage-first heap   total 61440K, used 46997K [0x0000000701400000, 0x0000000800000000)
  region size 2048K, 18 young (36864K), 2 survivors (4096K)
 Metaspace       used 28811K, committed 29376K, reserved 1114112K
  class space    used 3927K, committed 4160K, reserved 1048576K
}
Event: 1.460 GC heap after
{Heap after GC invocations=9 (full 0):
 garbage-first heap   total 61440K, used 17363K [0x0000000701400000, 0x0000000800000000)
  region size 2048K, 3 young (6144K), 3 survivors (6144K)
 Metaspace       used 28811K, committed 29376K, reserved 1114112K
  class space    used 3927K, committed 4160K, reserved 1048576K
}
Event: 1.774 GC heap before
{Heap before GC invocations=9 (full 0):
 garbage-first heap   total 61440K, used 48083K [0x0000000701400000, 0x0000000800000000)
  region size 2048K, 18 young (36864K), 3 survivors (6144K)
 Metaspace       used 36849K, committed 37440K, reserved 1114112K
  class space    used 5061K, committed 5312K, reserved 1048576K
}
Event: 1.778 GC heap after
{Heap after GC invocations=10 (full 0):
 garbage-first heap   total 61440K, used 19147K [0x0000000701400000, 0x0000000800000000)
  region size 2048K, 2 young (4096K), 2 survivors (4096K)
 Metaspace       used 36849K, committed 37440K, reserved 1114112K
  class space    used 5061K, committed 5312K, reserved 1048576K
}
Event: 1.828 GC heap before
{Heap before GC invocations=10 (full 0):
 garbage-first heap   total 61440K, used 23243K [0x0000000701400000, 0x0000000800000000)
  region size 2048K, 5 young (10240K), 2 survivors (4096K)
 Metaspace       used 38427K, committed 39040K, reserved 1114112K
  class space    used 5265K, committed 5568K, reserved 1048576K
}
Event: 1.829 GC heap after
{Heap after GC invocations=11 (full 0):
 garbage-first heap   total 61440K, used 19622K [0x0000000701400000, 0x0000000800000000)
  region size 2048K, 2 young (4096K), 2 survivors (4096K)
 Metaspace       used 38427K, committed 39040K, reserved 1114112K
  class space    used 5265K, committed 5568K, reserved 1048576K
}
Event: 2.148 GC heap before
{Heap before GC invocations=12 (full 0):
 garbage-first heap   total 61440K, used 44198K [0x0000000701400000, 0x0000000800000000)
  region size 2048K, 15 young (30720K), 2 survivors (4096K)
 Metaspace       used 46861K, committed 47488K, reserved 1114112K
  class space    used 6495K, committed 6784K, reserved 1048576K
}
Event: 2.150 GC heap after
{Heap after GC invocations=13 (full 0):
 garbage-first heap   total 61440K, used 21621K [0x0000000701400000, 0x0000000800000000)
  region size 2048K, 2 young (4096K), 2 survivors (4096K)
 Metaspace       used 46861K, committed 47488K, reserved 1114112K
  class space    used 6495K, committed 6784K, reserved 1048576K
}
Event: 2.448 GC heap before
{Heap before GC invocations=13 (full 0):
 garbage-first heap   total 61440K, used 48245K [0x0000000701400000, 0x0000000800000000)
  region size 2048K, 15 young (30720K), 2 survivors (4096K)
 Metaspace       used 53469K, committed 54144K, reserved 1114112K
  class space    used 7507K, committed 7808K, reserved 1048576K
}
Event: 2.450 GC heap after
{Heap after GC invocations=14 (full 0):
 garbage-first heap   total 61440K, used 23595K [0x0000000701400000, 0x0000000800000000)
  region size 2048K, 2 young (4096K), 2 survivors (4096K)
 Metaspace       used 53469K, committed 54144K, reserved 1114112K
  class space    used 7507K, committed 7808K, reserved 1048576K
}
Event: 2.673 GC heap before
{Heap before GC invocations=14 (full 0):
 garbage-first heap   total 61440K, used 50219K [0x0000000701400000, 0x0000000800000000)
  region size 2048K, 15 young (30720K), 2 survivors (4096K)
 Metaspace       used 56831K, committed 57536K, reserved 1114112K
  class space    used 8035K, committed 8320K, reserved 1048576K
}
Event: 2.676 GC heap after
{Heap after GC invocations=15 (full 0):
 garbage-first heap   total 61440K, used 25773K [0x0000000701400000, 0x0000000800000000)
  region size 2048K, 2 young (4096K), 2 survivors (4096K)
 Metaspace       used 56831K, committed 57536K, reserved 1114112K
  class space    used 8035K, committed 8320K, reserved 1048576K
}
Event: 1777.270 GC heap before
{Heap before GC invocations=15 (full 0):
 garbage-first heap   total 61440K, used 52397K [0x0000000701400000, 0x0000000800000000)
  region size 2048K, 15 young (30720K), 2 survivors (4096K)
 Metaspace       used 61539K, committed 62272K, reserved 1114112K
  class space    used 8692K, committed 9024K, reserved 1048576K
}

